

hola desde el servicio warn
hola desde el repo info
hola desde el repo warn
hola desde el repo ERROR
hola desde el repo info
hola desde el repo warn
hola desde el servicio warn
hola desde el servicio warn
hola desde el repo info
hola desde el repo warn
hola desde el repo ERROR
hola desde el repo info
hola desde el repo warn
hola desde el servicio warn
hola desde el servicio warn
hola desde el repo info
hola desde el repo warn
hola desde el repo ERROR
hola desde el repo info
hola desde el repo warn
hola desde el servicio warn
hola desde el servicio warn
hola desde el repo info
hola desde el repo warn
hola desde el repo ERROR
hola desde el repo info
hola desde el repo warn
hola desde el servicio warn
hola desde el servicio warn
hola desde el repo info
hola desde el repo warn
hola desde el repo ERROR
hola desde el repo info
hola desde el repo warn
hola desde el servicio warn
hola desde el servicio warn
hola desde el repo info
hola desde el repo warn
hola desde el repo ERROR
hola desde el repo info
hola desde el repo warn
hola desde el servicio warn
hola desde el servicio warn
hola desde el repo info
hola desde el repo warn
hola desde el repo ERROR
hola desde el repo info
hola desde el repo warn
hola desde el servicio warn
hola desde el servicio warn
hola desde el repo info
hola desde el repo warn
hola desde el repo ERROR
hola desde el repo info
hola desde el repo warn
hola desde el servicio warn
hola desde el servicio warn
hola desde el repo info
hola desde el repo warn
hola desde el repo ERROR
hola desde el repo info
hola desde el repo warn
hola desde el servicio warn
hola desde el servicio warn
hola desde el repo info
hola desde el repo warn
hola desde el repo ERROR
hola desde el repo info
hola desde el repo warn
hola desde el servicio warn
hola desde el servicio warn
hola desde el repo info
hola desde el repo warn
hola desde el repo ERROR
hola desde el repo info
hola desde el repo warn
hola desde el servicio warn
hola desde el servicio warn
hola desde el repo info
hola desde el repo warn
hola desde el repo ERROR
hola desde el repo info
hola desde el repo warn
hola desde el servicio warn
hola desde el servicio warn
hola desde el repo info
hola desde el repo warn
hola desde el repo ERROR
hola desde el repo info
hola desde el repo warn
hola desde el servicio warn
hola desde el servicio warn
hola desde el repo info
hola desde el repo warn
hola desde el repo ERROR
hola desde el repo info
hola desde el repo warn
hola desde el servicio warn
hola desde el servicio 
hola desde el repo 
hola desde el repo 
hola desde el repo 
hola desde el repo 
hola desde el repo 
hola desde el servicio 
hola desde el servicio 
hola desde el repo 
hola desde el repo 
hola desde el repo 
hola desde el repo 
hola desde el repo 
hola desde el servicio 
hola desde el servicio 
hola desde el repo 
hola desde el repo 
hola desde el repo 
hola desde el repo 
hola desde el repo 
hola desde el servicio 
hola desde el servicio 
hola desde el repo 
hola desde el repo 
hola desde el repo 
hola desde el repo 
hola desde el repo 
hola desde el servicio 
hola desde el servicio 
hola desde el repo 
hola desde el repo 
hola desde el repo 
hola desde el repo 
hola desde el repo 
hola desde el servicio 
hola desde el servicio 
hola desde el repo 
hola desde el repo 
hola desde el repo 
hola desde el repo 
hola desde el repo 
hola desde el servicio 
